<?xml version="1.0" encoding="UTF-8"?>
<!-- Generated by org.testng.reporters.JUnitXMLReporter -->
<testsuite hostname="Rj" name="Test" tests="2" failures="0" timestamp="9 Apr 2018 10:50:40 GMT" time="0.064" errors="0">
  <testcase name="@BeforeTest beforeTest" time="0.0" classname="loginfuctions.NewTest">
    <failure type="java.lang.NullPointerException">
      <![CDATA[java.lang.NullPointerException
	at loginfuctions.NewTest.beforeTest(NewTest.java:31)
... Removed 22 stack frames]]>
    </failure>
  </testcase> <!-- @BeforeTest beforeTest -->
  <testcase name="@AfterTest afterTest" time="0.0" classname="loginfuctions.NewTest">
    <skipped/>
  </testcase> <!-- @AfterTest afterTest -->
  <testcase name="Login" time="0.001" classname="loginfuctions.NewTest">
    <skipped/>
  </testcase> <!-- Login -->
  <testcase name="Title" time="0.005" classname="loginfuctions.NewTest">
    <skipped/>
  </testcase> <!-- Title -->
</testsuite> <!-- Test -->
